<?xml version="1.0" encoding="UTF-8"?>
<!-- Generated by org.testng.reporters.JUnitReportReporter -->
<testsuite hostname="DESKTOP-KN4MQGD" failures="0" tests="1" name="mavenforjenkins.UITest" time="5.111" errors="0" timestamp="2023-12-09T23:07:15 IST" skipped="0">
  <testcase classname="mavenforjenkins.UITest" name="startBrowser" time="5.111"/>
  <system-out/>
</testsuite> <!-- mavenforjenkins.UITest -->
